<?xml version="1.0" encoding="UTF-8"?>
<!-- Generated by org.testng.reporters.JUnitXMLReporter -->
<testsuite hostname="PC145284" name="Random Test" tests="2" failures="2" timestamp="4 Jul 2014 12:09:30 GMT" time="0.203" errors="0">
  <testcase name="@AfterMethod afterMethod" time="0.0" classname="testCases.Framework_002">
    <failure type="java.lang.NullPointerException">
      <![CDATA[java.lang.NullPointerException
	at testCases.Framework_002.afterMethod(Framework_002.java:64)
... Removed 26 stack frames]]>
    </failure>
  </testcase> <!-- @AfterMethod afterMethod -->
  <testcase name="main" time="0.101" classname="testCases.Framework_001">
    <failure type="java.lang.Exception">
      <![CDATA[java.lang.Exception
	at utility.Utils.takeScreenshot(Utils.java:93)
	at testCases.Framework_001.main(Framework_001.java:121)
... Removed 24 stack frames]]>
    </failure>
  </testcase> <!-- main -->
  <testcase name="f" time="0.05" classname="testCases.Framework_002">
    <failure type="java.lang.Exception">
      <![CDATA[java.lang.Exception
	at utility.Utils.takeScreenshot(Utils.java:93)
	at testCases.Framework_002.f(Framework_002.java:53)
... Removed 24 stack frames]]>
    </failure>
  </testcase> <!-- f -->
</testsuite> <!-- Random Test -->
