<?xml version="1.0" encoding="UTF-8"?>
<testng-results skipped="0" failed="0" total="1" passed="1">
  <reporter-output>
  </reporter-output>
  <suite name="Default suite" duration-ms="957" started-at="2014-07-07T06:00:20Z" finished-at="2014-07-07T06:00:21Z">
    <groups>
    </groups>
    <test name="Default test" duration-ms="957" started-at="2014-07-07T06:00:20Z" finished-at="2014-07-07T06:00:21Z">
      <class name="testCases.Framework_001">
        <test-method status="PASS" signature="beforeMethod()[pri:0, instance:testCases.Framework_001@ad00b2]" name="beforeMethod" is-config="true" duration-ms="11467" started-at="2014-07-07T11:30:09Z" finished-at="2014-07-07T11:30:20Z">
          <reporter-output>
          </reporter-output>
        </test-method> <!-- beforeMethod -->
        <test-method status="PASS" signature="main()[pri:0, instance:testCases.Framework_001@ad00b2]" name="main" duration-ms="945" started-at="2014-07-07T11:30:20Z" finished-at="2014-07-07T11:30:21Z">
          <reporter-output>
          </reporter-output>
        </test-method> <!-- main -->
        <test-method status="PASS" signature="afterMethod()[pri:0, instance:testCases.Framework_001@ad00b2]" name="afterMethod" is-config="true" duration-ms="24" started-at="2014-07-07T11:30:21Z" finished-at="2014-07-07T11:30:21Z">
          <reporter-output>
          </reporter-output>
        </test-method> <!-- afterMethod -->
      </class> <!-- testCases.Framework_001 -->
    </test> <!-- Default test -->
  </suite> <!-- Default suite -->
</testng-results>
